00:10:32.545 [main] DEBUG com.assignment.testclass.HomePageTest - Clicked on Sign In
00:10:34.758 [main] INFO  com.assignment.testclass.HomePageTest - Email ID is ijMTT@xyz.com
00:10:35.192 [main] DEBUG com.assignment.testclass.HomePageTest - Set first name as Adil
00:10:35.397 [main] DEBUG com.assignment.testclass.HomePageTest - Set last name as Lari
00:10:35.570 [main] DEBUG com.assignment.testclass.HomePageTest - Set password name as 12345
00:10:35.781 [main] DEBUG com.assignment.testclass.HomePageTest - Select Days as 25
00:10:36.073 [main] DEBUG com.assignment.testclass.HomePageTest - Select Month as January
00:10:36.234 [main] DEBUG com.assignment.testclass.HomePageTest - Select Year as 1992
00:10:36.262 [main] INFO  com.assignment.testclass.HomePageTest - Verified first name as Adil
00:10:36.293 [main] INFO  com.assignment.testclass.HomePageTest - Verified last name as Lari
00:10:36.514 [main] DEBUG com.assignment.testclass.HomePageTest - Set fcompany as abcdCompany
00:10:36.820 [main] DEBUG com.assignment.testclass.HomePageTest - Set first name as Adil
00:10:37.075 [main] DEBUG com.assignment.testclass.HomePageTest - Set last name as Adil
00:10:40.284 [main] INFO  com.assignment.testclass.HomePageTest - Successfully clicked on register Button!!
00:10:43.193 [main] DEBUG com.assignment.testclass.HomePageTest - Added Product Faded Short Sleeve T-shirts to Cart
00:10:44.407 [main] INFO  com.assignment.testclass.HomePageTest - Clicked on Continue shopping
00:10:45.167 [main] DEBUG com.assignment.testclass.HomePageTest - Added Product Blouse to Cart
00:10:46.354 [main] INFO  com.assignment.testclass.HomePageTest - Clicked on Continue shopping
00:10:47.131 [main] DEBUG com.assignment.testclass.HomePageTest - Added Product Printed Dress to Cart
00:10:48.318 [main] INFO  com.assignment.testclass.HomePageTest - Clicked on Continue shopping
00:10:49.091 [main] DEBUG com.assignment.testclass.HomePageTest - Added Product Printed Dress to Cart
00:10:50.315 [main] INFO  com.assignment.testclass.HomePageTest - Clicked on Continue shopping
00:10:50.315 [main] INFO  com.assignment.testclass.HomePageTest - ****************************************** ITEMS ADDED TO CART ********************************************
00:10:52.154 [main] INFO  com.assignment.testclass.HomePageTest - Clicked on Cart
00:10:52.160 [main] INFO  com.assignment.testclass.HomePageTest - ***************************** Start - Verify Price Summary Screen *********************************
00:10:52.166 [main] TRACE com.assignment.testclass.HomePageTest - ********************** Without Tax Price Comparision ***********************
00:10:52.380 [main] INFO  com.assignment.testclass.HomePageTest - Total of  Total products ,Total shipping : 122.5
00:10:52.380 [main] INFO  com.assignment.testclass.HomePageTest - Expected Total Price of Shipping And Total Product 122.5 is equal to Total Price W/O Tax 122.5
00:10:52.380 [main] TRACE com.assignment.testclass.HomePageTest - ********************** Without Tax Price Comparision End ***********************
00:10:52.380 [main] TRACE com.assignment.testclass.HomePageTest - ********************** With Tax Price Comparision ***********************
00:10:52.577 [main] INFO  com.assignment.testclass.HomePageTest - Total Price : 122.5
00:10:52.577 [main] INFO  com.assignment.testclass.HomePageTest - Sum of Total products ,Total shipping and Tax : 122.5
00:10:52.577 [main] INFO  com.assignment.testclass.HomePageTest - Expected Total Price 122.5 is equal to Actual Price 122.5
00:10:52.577 [main] TRACE com.assignment.testclass.HomePageTest - ********************** With Tax Price Comparision End ***********************
00:10:52.577 [main] TRACE com.assignment.testclass.HomePageTest - **********************Start : Verify number of items*price of items ***********************
00:10:52.928 [main] INFO  com.assignment.testclass.HomePageTest - Total Cost is (number of items*price of items) with tax include : Expected Price 120.5 Actual Price 120.5
00:10:52.928 [main] TRACE com.assignment.testclass.HomePageTest - **********************End : Verify number of items*price of items ***********************
00:10:52.928 [main] INFO  com.assignment.testclass.HomePageTest - ***************************** End   - Verify Price Summary Screen *********************************
